<?xml version="1.0" encoding="UTF-8"?>
<coverage generated="1732191316639" clover="3.2.0">
  <project timestamp="1732191316640" name="All files">
    <metrics statements="27" coveredstatements="17" conditionals="20" coveredconditionals="8" methods="8" coveredmethods="4" elements="55" coveredelements="29" complexity="0" loc="27" ncloc="27" packages="3" files="3" classes="3"/>
    <package name="components">
      <metrics statements="9" coveredstatements="6" conditionals="7" coveredconditionals="7" methods="5" coveredmethods="2"/>
      <file name="Star.jsx" path="F:\Learning\React-Projects\starify\src\components\Star.jsx">
        <metrics statements="9" coveredstatements="6" conditionals="7" coveredconditionals="7" methods="5" coveredmethods="2"/>
        <line num="5" count="1" type="cond" truecount="3" falsecount="0"/>
        <line num="6" count="3" type="stmt"/>
        <line num="8" count="3" type="cond" truecount="2" falsecount="0"/>
        <line num="10" count="3" type="stmt"/>
        <line num="16" count="0" type="stmt"/>
        <line num="17" count="1" type="stmt"/>
        <line num="18" count="0" type="stmt"/>
        <line num="19" count="0" type="stmt"/>
        <line num="32" count="1" type="stmt"/>
      </file>
    </package>
    <package name="context">
      <metrics statements="13" coveredstatements="7" conditionals="11" coveredconditionals="0" methods="2" coveredmethods="1"/>
      <file name="StarRatingContext.jsx" path="F:\Learning\React-Projects\starify\src\context\StarRatingContext.jsx">
        <metrics statements="13" coveredstatements="7" conditionals="11" coveredconditionals="0" methods="2" coveredmethods="1"/>
        <line num="4" count="1" type="stmt"/>
        <line num="6" count="1" type="cond" truecount="0" falsecount="1"/>
        <line num="7" count="3" type="stmt"/>
        <line num="8" count="3" type="stmt"/>
        <line num="10" count="3" type="stmt"/>
        <line num="11" count="0" type="cond" truecount="0" falsecount="2"/>
        <line num="12" count="0" type="stmt"/>
        <line num="13" count="0" type="cond" truecount="0" falsecount="4"/>
        <line num="14" count="0" type="stmt"/>
        <line num="15" count="0" type="cond" truecount="0" falsecount="4"/>
        <line num="16" count="0" type="stmt"/>
        <line num="20" count="3" type="stmt"/>
        <line num="27" count="1" type="stmt"/>
      </file>
    </package>
    <package name="hooks">
      <metrics statements="5" coveredstatements="4" conditionals="2" coveredconditionals="1" methods="1" coveredmethods="1"/>
      <file name="useStarRating.jsx" path="F:\Learning\React-Projects\starify\src\hooks\useStarRating.jsx">
        <metrics statements="5" coveredstatements="4" conditionals="2" coveredconditionals="1" methods="1" coveredmethods="1"/>
        <line num="4" count="1" type="stmt"/>
        <line num="5" count="3" type="stmt"/>
        <line num="7" count="3" type="cond" truecount="1" falsecount="1"/>
        <line num="8" count="0" type="stmt"/>
        <line num="11" count="3" type="stmt"/>
      </file>
    </package>
  </project>
</coverage>
