{"F:\\Learning\\React-Projects\\starify\\dist\\components\\Star.js": {"path":"F:\\Learning\\React-Projects\\starify\\dist\\components\\Star.js","statementMap":{"0":{"start":{"line":3,"column":49},"end":{"line":3,"column":316}},"1":{"start":{"line":3,"column":149},"end":{"line":3,"column":165}},"2":{"start":{"line":3,"column":185},"end":{"line":3,"column":301}},"3":{"start":{"line":4,"column":0},"end":{"line":6,"column":3}},"4":{"start":{"line":7,"column":0},"end":{"line":7,"column":28}},"5":{"start":{"line":8,"column":13},"end":{"line":8,"column":54}},"6":{"start":{"line":9,"column":17},"end":{"line":9,"column":62}},"7":{"start":{"line":10,"column":22},"end":{"line":10,"column":55}},"8":{"start":{"line":11,"column":37},"end":{"line":11,"column":85}},"9":{"start":{"line":12,"column":39},"end":{"line":12,"column":85}},"10":{"start":{"line":12,"column":73},"end":{"line":12,"column":85}},"11":{"start":{"line":12,"column":94},"end":{"line":12,"column":107}},"12":{"start":{"line":12,"column":113},"end":{"line":12,"column":126}},"13":{"start":{"line":12,"column":128},"end":{"line":12,"column":226}},"14":{"start":{"line":12,"column":202},"end":{"line":12,"column":219}},"15":{"start":{"line":13,"column":41},"end":{"line":13,"column":79}},"16":{"start":{"line":13,"column":70},"end":{"line":13,"column":79}},"17":{"start":{"line":13,"column":80},"end":{"line":13,"column":172}},"18":{"start":{"line":13,"column":148},"end":{"line":13,"column":172}},"19":{"start":{"line":13,"column":181},"end":{"line":13,"column":208}},"20":{"start":{"line":13,"column":210},"end":{"line":13,"column":245}},"21":{"start":{"line":13,"column":229},"end":{"line":13,"column":245}},"22":{"start":{"line":13,"column":254},"end":{"line":13,"column":273}},"23":{"start":{"line":13,"column":279},"end":{"line":13,"column":335}},"24":{"start":{"line":13,"column":337},"end":{"line":13,"column":538}},"25":{"start":{"line":13,"column":354},"end":{"line":13,"column":538}},"26":{"start":{"line":13,"column":417},"end":{"line":13,"column":465}},"27":{"start":{"line":13,"column":467},"end":{"line":13,"column":536}},"28":{"start":{"line":13,"column":539},"end":{"line":13,"column":584}},"29":{"start":{"line":14,"column":24},"end":{"line":55,"column":2}},"30":{"start":{"line":15,"column":13},"end":{"line":15,"column":22}},"31":{"start":{"line":16,"column":11},"end":{"line":16,"column":20}},"32":{"start":{"line":17,"column":23},"end":{"line":17,"column":39}},"33":{"start":{"line":18,"column":18},"end":{"line":18,"column":73}},"34":{"start":{"line":19,"column":25},"end":{"line":19,"column":43}},"35":{"start":{"line":20,"column":20},"end":{"line":20,"column":79}},"36":{"start":{"line":21,"column":18},"end":{"line":21,"column":29}},"37":{"start":{"line":22,"column":13},"end":{"line":22,"column":55}},"38":{"start":{"line":23,"column":23},"end":{"line":23,"column":59}},"39":{"start":{"line":24,"column":13},"end":{"line":24,"column":34}},"40":{"start":{"line":25,"column":12},"end":{"line":25,"column":32}},"41":{"start":{"line":26,"column":16},"end":{"line":26,"column":40}},"42":{"start":{"line":27,"column":15},"end":{"line":27,"column":38}},"43":{"start":{"line":28,"column":20},"end":{"line":28,"column":48}},"44":{"start":{"line":29,"column":17},"end":{"line":29,"column":42}},"45":{"start":{"line":30,"column":17},"end":{"line":30,"column":42}},"46":{"start":{"line":31,"column":2},"end":{"line":54,"column":13}},"47":{"start":{"line":37,"column":6},"end":{"line":37,"column":29}},"48":{"start":{"line":40,"column":6},"end":{"line":40,"column":28}},"49":{"start":{"line":43,"column":6},"end":{"line":43,"column":25}},"50":{"start":{"line":46,"column":6},"end":{"line":46,"column":40}},"51":{"start":{"line":56,"column":0},"end":{"line":62,"column":2}},"52":{"start":{"line":63,"column":15},"end":{"line":63,"column":40}}},"fnMap":{"0":{"name":"_typeof","decl":{"start":{"line":3,"column":9},"end":{"line":3,"column":16}},"loc":{"start":{"line":3,"column":20},"end":{"line":3,"column":318}},"line":3},"1":{"name":"(anonymous_1)","decl":{"start":{"line":3,"column":134},"end":{"line":3,"column":135}},"loc":{"start":{"line":3,"column":147},"end":{"line":3,"column":167}},"line":3},"2":{"name":"(anonymous_2)","decl":{"start":{"line":3,"column":170},"end":{"line":3,"column":171}},"loc":{"start":{"line":3,"column":183},"end":{"line":3,"column":303}},"line":3},"3":{"name":"_interopRequireDefault","decl":{"start":{"line":11,"column":9},"end":{"line":11,"column":31}},"loc":{"start":{"line":11,"column":35},"end":{"line":11,"column":87}},"line":11},"4":{"name":"_getRequireWildcardCache","decl":{"start":{"line":12,"column":9},"end":{"line":12,"column":33}},"loc":{"start":{"line":12,"column":37},"end":{"line":12,"column":228}},"line":12},"5":{"name":"_getRequireWildcardCache","decl":{"start":{"line":12,"column":172},"end":{"line":12,"column":196}},"loc":{"start":{"line":12,"column":200},"end":{"line":12,"column":221}},"line":12},"6":{"name":"_interopRequireWildcard","decl":{"start":{"line":13,"column":9},"end":{"line":13,"column":32}},"loc":{"start":{"line":13,"column":39},"end":{"line":13,"column":586}},"line":13},"7":{"name":"(anonymous_7)","decl":{"start":{"line":14,"column":41},"end":{"line":14,"column":42}},"loc":{"start":{"line":14,"column":57},"end":{"line":55,"column":1}},"line":14},"8":{"name":"onClick","decl":{"start":{"line":36,"column":22},"end":{"line":36,"column":29}},"loc":{"start":{"line":36,"column":32},"end":{"line":38,"column":5}},"line":36},"9":{"name":"onMouseEnter","decl":{"start":{"line":39,"column":27},"end":{"line":39,"column":39}},"loc":{"start":{"line":39,"column":42},"end":{"line":41,"column":5}},"line":39},"10":{"name":"onMouseLeave","decl":{"start":{"line":42,"column":27},"end":{"line":42,"column":39}},"loc":{"start":{"line":42,"column":42},"end":{"line":44,"column":5}},"line":42},"11":{"name":"onKeyDown","decl":{"start":{"line":45,"column":24},"end":{"line":45,"column":33}},"loc":{"start":{"line":45,"column":41},"end":{"line":47,"column":5}},"line":45}},"branchMap":{"0":{"loc":{"start":{"line":3,"column":66},"end":{"line":3,"column":303}},"type":"cond-expr","locations":[{"start":{"line":3,"column":134},"end":{"line":3,"column":167}},{"start":{"line":3,"column":170},"end":{"line":3,"column":303}}],"line":3},"1":{"loc":{"start":{"line":3,"column":66},"end":{"line":3,"column":131}},"type":"binary-expr","locations":[{"start":{"line":3,"column":66},"end":{"line":3,"column":93}},{"start":{"line":3,"column":97},"end":{"line":3,"column":131}}],"line":3},"2":{"loc":{"start":{"line":3,"column":192},"end":{"line":3,"column":300}},"type":"cond-expr","locations":[{"start":{"line":3,"column":281},"end":{"line":3,"column":289}},{"start":{"line":3,"column":292},"end":{"line":3,"column":300}}],"line":3},"3":{"loc":{"start":{"line":3,"column":192},"end":{"line":3,"column":278}},"type":"binary-expr","locations":[{"start":{"line":3,"column":192},"end":{"line":3,"column":193}},{"start":{"line":3,"column":197},"end":{"line":3,"column":224}},{"start":{"line":3,"column":228},"end":{"line":3,"column":252}},{"start":{"line":3,"column":256},"end":{"line":3,"column":278}}],"line":3},"4":{"loc":{"start":{"line":11,"column":44},"end":{"line":11,"column":84}},"type":"cond-expr","locations":[{"start":{"line":11,"column":64},"end":{"line":11,"column":65}},{"start":{"line":11,"column":68},"end":{"line":11,"column":84}}],"line":11},"5":{"loc":{"start":{"line":11,"column":44},"end":{"line":11,"column":61}},"type":"binary-expr","locations":[{"start":{"line":11,"column":44},"end":{"line":11,"column":45}},{"start":{"line":11,"column":49},"end":{"line":11,"column":61}}],"line":11},"6":{"loc":{"start":{"line":12,"column":39},"end":{"line":12,"column":85}},"type":"if","locations":[{"start":{"line":12,"column":39},"end":{"line":12,"column":85}},{"start":{},"end":{}}],"line":12},"7":{"loc":{"start":{"line":12,"column":209},"end":{"line":12,"column":218}},"type":"cond-expr","locations":[{"start":{"line":12,"column":213},"end":{"line":12,"column":214}},{"start":{"line":12,"column":217},"end":{"line":12,"column":218}}],"line":12},"8":{"loc":{"start":{"line":13,"column":41},"end":{"line":13,"column":79}},"type":"if","locations":[{"start":{"line":13,"column":41},"end":{"line":13,"column":79}},{"start":{},"end":{}}],"line":13},"9":{"loc":{"start":{"line":13,"column":45},"end":{"line":13,"column":68}},"type":"binary-expr","locations":[{"start":{"line":13,"column":45},"end":{"line":13,"column":47}},{"start":{"line":13,"column":51},"end":{"line":13,"column":52}},{"start":{"line":13,"column":56},"end":{"line":13,"column":68}}],"line":13},"10":{"loc":{"start":{"line":13,"column":80},"end":{"line":13,"column":172}},"type":"if","locations":[{"start":{"line":13,"column":80},"end":{"line":13,"column":172}},{"start":{},"end":{}}],"line":13},"11":{"loc":{"start":{"line":13,"column":84},"end":{"line":13,"column":146}},"type":"binary-expr","locations":[{"start":{"line":13,"column":84},"end":{"line":13,"column":94}},{"start":{"line":13,"column":98},"end":{"line":13,"column":120}},{"start":{"line":13,"column":124},"end":{"line":13,"column":146}}],"line":13},"12":{"loc":{"start":{"line":13,"column":210},"end":{"line":13,"column":245}},"type":"if","locations":[{"start":{"line":13,"column":210},"end":{"line":13,"column":245}},{"start":{},"end":{}}],"line":13},"13":{"loc":{"start":{"line":13,"column":214},"end":{"line":13,"column":227}},"type":"binary-expr","locations":[{"start":{"line":13,"column":214},"end":{"line":13,"column":215}},{"start":{"line":13,"column":219},"end":{"line":13,"column":227}}],"line":13},"14":{"loc":{"start":{"line":13,"column":279},"end":{"line":13,"column":335}},"type":"binary-expr","locations":[{"start":{"line":13,"column":279},"end":{"line":13,"column":300}},{"start":{"line":13,"column":304},"end":{"line":13,"column":335}}],"line":13},"15":{"loc":{"start":{"line":13,"column":354},"end":{"line":13,"column":538}},"type":"if","locations":[{"start":{"line":13,"column":354},"end":{"line":13,"column":538}},{"start":{},"end":{}}],"line":13},"16":{"loc":{"start":{"line":13,"column":358},"end":{"line":13,"column":405}},"type":"binary-expr","locations":[{"start":{"line":13,"column":358},"end":{"line":13,"column":373}},{"start":{"line":13,"column":377},"end":{"line":13,"column":405}}],"line":13},"17":{"loc":{"start":{"line":13,"column":417},"end":{"line":13,"column":465}},"type":"cond-expr","locations":[{"start":{"line":13,"column":421},"end":{"line":13,"column":458}},{"start":{"line":13,"column":461},"end":{"line":13,"column":465}}],"line":13},"18":{"loc":{"start":{"line":13,"column":467},"end":{"line":13,"column":535}},"type":"cond-expr","locations":[{"start":{"line":13,"column":491},"end":{"line":13,"column":521}},{"start":{"line":13,"column":524},"end":{"line":13,"column":535}}],"line":13},"19":{"loc":{"start":{"line":13,"column":467},"end":{"line":13,"column":488}},"type":"binary-expr","locations":[{"start":{"line":13,"column":467},"end":{"line":13,"column":468}},{"start":{"line":13,"column":473},"end":{"line":13,"column":478}},{"start":{"line":13,"column":482},"end":{"line":13,"column":487}}],"line":13},"20":{"loc":{"start":{"line":13,"column":564},"end":{"line":13,"column":580}},"type":"binary-expr","locations":[{"start":{"line":13,"column":564},"end":{"line":13,"column":565}},{"start":{"line":13,"column":569},"end":{"line":13,"column":580}}],"line":13},"21":{"loc":{"start":{"line":18,"column":18},"end":{"line":18,"column":73}},"type":"cond-expr","locations":[{"start":{"line":18,"column":48},"end":{"line":18,"column":54}},{"start":{"line":18,"column":57},"end":{"line":18,"column":73}}],"line":18},"22":{"loc":{"start":{"line":20,"column":20},"end":{"line":20,"column":79}},"type":"cond-expr","locations":[{"start":{"line":20,"column":52},"end":{"line":20,"column":58}},{"start":{"line":20,"column":61},"end":{"line":20,"column":79}}],"line":20},"23":{"loc":{"start":{"line":22,"column":13},"end":{"line":22,"column":55}},"type":"cond-expr","locations":[{"start":{"line":22,"column":38},"end":{"line":22,"column":41}},{"start":{"line":22,"column":44},"end":{"line":22,"column":55}}],"line":22},"24":{"loc":{"start":{"line":30,"column":26},"end":{"line":30,"column":41}},"type":"binary-expr","locations":[{"start":{"line":30,"column":26},"end":{"line":30,"column":31}},{"start":{"line":30,"column":35},"end":{"line":30,"column":41}}],"line":30},"25":{"loc":{"start":{"line":51,"column":13},"end":{"line":51,"column":51}},"type":"cond-expr","locations":[{"start":{"line":51,"column":24},"end":{"line":51,"column":35}},{"start":{"line":51,"column":38},"end":{"line":51,"column":51}}],"line":51}},"s":{"0":1,"1":1,"2":0,"3":1,"4":1,"5":1,"6":1,"7":1,"8":1,"9":1,"10":0,"11":1,"12":1,"13":1,"14":1,"15":1,"16":0,"17":1,"18":0,"19":1,"20":1,"21":0,"22":1,"23":1,"24":1,"25":36,"26":36,"27":36,"28":1,"29":1,"30":3,"31":3,"32":3,"33":3,"34":3,"35":3,"36":3,"37":3,"38":3,"39":3,"40":3,"41":3,"42":3,"43":3,"44":3,"45":3,"46":3,"47":0,"48":1,"49":0,"50":0,"51":1,"52":1},"f":{"0":1,"1":1,"2":0,"3":1,"4":1,"5":1,"6":1,"7":3,"8":0,"9":1,"10":0,"11":0},"b":{"0":[1,0],"1":[1,1],"2":[0,0],"3":[0,0,0,0],"4":[0,1],"5":[1,1],"6":[0,1],"7":[0,1],"8":[0,1],"9":[1,1,1],"10":[0,1],"11":[1,1,0],"12":[0,1],"13":[1,1],"14":[1,1],"15":[36,0],"16":[36,36],"17":[36,0],"18":[0,36],"19":[36,36,36],"20":[1,1],"21":[3,0],"22":[3,0],"23":[3,0],"24":[3,2],"25":[1,2]},"_coverageSchema":"1a1c01bbd47fc00a2c39e90264f33305004495a9","hash":"69ecec77d7be9096b02cb1fe999ece6d77012d5f"}
,"F:\\Learning\\React-Projects\\starify\\dist\\context\\StarRatingContext.js": {"path":"F:\\Learning\\React-Projects\\starify\\dist\\context\\StarRatingContext.js","statementMap":{"0":{"start":{"line":3,"column":49},"end":{"line":3,"column":316}},"1":{"start":{"line":3,"column":149},"end":{"line":3,"column":165}},"2":{"start":{"line":3,"column":185},"end":{"line":3,"column":301}},"3":{"start":{"line":4,"column":0},"end":{"line":6,"column":3}},"4":{"start":{"line":7,"column":0},"end":{"line":7,"column":64}},"5":{"start":{"line":8,"column":13},"end":{"line":8,"column":54}},"6":{"start":{"line":9,"column":17},"end":{"line":9,"column":62}},"7":{"start":{"line":10,"column":37},"end":{"line":10,"column":85}},"8":{"start":{"line":11,"column":39},"end":{"line":11,"column":85}},"9":{"start":{"line":11,"column":73},"end":{"line":11,"column":85}},"10":{"start":{"line":11,"column":94},"end":{"line":11,"column":107}},"11":{"start":{"line":11,"column":113},"end":{"line":11,"column":126}},"12":{"start":{"line":11,"column":128},"end":{"line":11,"column":226}},"13":{"start":{"line":11,"column":202},"end":{"line":11,"column":219}},"14":{"start":{"line":12,"column":41},"end":{"line":12,"column":79}},"15":{"start":{"line":12,"column":70},"end":{"line":12,"column":79}},"16":{"start":{"line":12,"column":80},"end":{"line":12,"column":172}},"17":{"start":{"line":12,"column":148},"end":{"line":12,"column":172}},"18":{"start":{"line":12,"column":181},"end":{"line":12,"column":208}},"19":{"start":{"line":12,"column":210},"end":{"line":12,"column":245}},"20":{"start":{"line":12,"column":229},"end":{"line":12,"column":245}},"21":{"start":{"line":12,"column":254},"end":{"line":12,"column":273}},"22":{"start":{"line":12,"column":279},"end":{"line":12,"column":335}},"23":{"start":{"line":12,"column":337},"end":{"line":12,"column":538}},"24":{"start":{"line":12,"column":354},"end":{"line":12,"column":538}},"25":{"start":{"line":12,"column":417},"end":{"line":12,"column":465}},"26":{"start":{"line":12,"column":467},"end":{"line":12,"column":536}},"27":{"start":{"line":12,"column":539},"end":{"line":12,"column":584}},"28":{"start":{"line":13,"column":32},"end":{"line":13,"column":148}},"29":{"start":{"line":14,"column":30},"end":{"line":14,"column":191}},"30":{"start":{"line":15,"column":45},"end":{"line":15,"column":376}},"31":{"start":{"line":15,"column":54},"end":{"line":15,"column":111}},"32":{"start":{"line":15,"column":80},"end":{"line":15,"column":111}},"33":{"start":{"line":15,"column":120},"end":{"line":15,"column":152}},"34":{"start":{"line":15,"column":154},"end":{"line":15,"column":374}},"35":{"start":{"line":16,"column":35},"end":{"line":16,"column":81}},"36":{"start":{"line":16,"column":82},"end":{"line":16,"column":136}},"37":{"start":{"line":16,"column":95},"end":{"line":16,"column":96}},"38":{"start":{"line":16,"column":102},"end":{"line":16,"column":110}},"39":{"start":{"line":16,"column":124},"end":{"line":16,"column":136}},"40":{"start":{"line":16,"column":137},"end":{"line":16,"column":146}},"41":{"start":{"line":17,"column":47},"end":{"line":17,"column":135}},"42":{"start":{"line":17,"column":137},"end":{"line":17,"column":536}},"43":{"start":{"line":17,"column":174},"end":{"line":17,"column":176}},"44":{"start":{"line":17,"column":182},"end":{"line":17,"column":184}},"45":{"start":{"line":17,"column":190},"end":{"line":17,"column":192}},"46":{"start":{"line":17,"column":194},"end":{"line":17,"column":524}},"47":{"start":{"line":17,"column":200},"end":{"line":17,"column":366}},"48":{"start":{"line":17,"column":241},"end":{"line":17,"column":269}},"49":{"start":{"line":17,"column":262},"end":{"line":17,"column":269}},"50":{"start":{"line":17,"column":270},"end":{"line":17,"column":277}},"51":{"start":{"line":17,"column":285},"end":{"line":17,"column":366}},"52":{"start":{"line":17,"column":381},"end":{"line":17,"column":395}},"53":{"start":{"line":17,"column":408},"end":{"line":17,"column":522}},"54":{"start":{"line":17,"column":414},"end":{"line":17,"column":492}},"55":{"start":{"line":17,"column":485},"end":{"line":17,"column":492}},"56":{"start":{"line":17,"column":505},"end":{"line":17,"column":520}},"57":{"start":{"line":17,"column":512},"end":{"line":17,"column":520}},"58":{"start":{"line":17,"column":525},"end":{"line":17,"column":534}},"59":{"start":{"line":18,"column":30},"end":{"line":18,"column":61}},"60":{"start":{"line":18,"column":52},"end":{"line":18,"column":61}},"61":{"start":{"line":19,"column":24},"end":{"line":19,"column":92}},"62":{"start":{"line":20,"column":25},"end":{"line":51,"column":1}},"63":{"start":{"line":21,"column":24},"end":{"line":21,"column":39}},"64":{"start":{"line":22,"column":17},"end":{"line":22,"column":65}},"65":{"start":{"line":23,"column":15},"end":{"line":23,"column":28}},"66":{"start":{"line":24,"column":18},"end":{"line":24,"column":41}},"67":{"start":{"line":25,"column":17},"end":{"line":25,"column":45}},"68":{"start":{"line":26,"column":13},"end":{"line":26,"column":26}},"69":{"start":{"line":27,"column":16},"end":{"line":27,"column":29}},"70":{"start":{"line":28,"column":19},"end":{"line":28,"column":42}},"71":{"start":{"line":29,"column":17},"end":{"line":29,"column":46}},"72":{"start":{"line":30,"column":12},"end":{"line":30,"column":25}},"73":{"start":{"line":31,"column":15},"end":{"line":31,"column":28}},"74":{"start":{"line":32,"column":22},"end":{"line":40,"column":3}},"75":{"start":{"line":33,"column":4},"end":{"line":39,"column":5}},"76":{"start":{"line":34,"column":6},"end":{"line":34,"column":22}},"77":{"start":{"line":35,"column":11},"end":{"line":39,"column":5}},"78":{"start":{"line":36,"column":6},"end":{"line":36,"column":25}},"79":{"start":{"line":37,"column":11},"end":{"line":39,"column":5}},"80":{"start":{"line":38,"column":6},"end":{"line":38,"column":25}},"81":{"start":{"line":41,"column":2},"end":{"line":50,"column":15}},"82":{"start":{"line":52,"column":0},"end":{"line":55,"column":2}}},"fnMap":{"0":{"name":"_typeof","decl":{"start":{"line":3,"column":9},"end":{"line":3,"column":16}},"loc":{"start":{"line":3,"column":20},"end":{"line":3,"column":318}},"line":3},"1":{"name":"(anonymous_1)","decl":{"start":{"line":3,"column":134},"end":{"line":3,"column":135}},"loc":{"start":{"line":3,"column":147},"end":{"line":3,"column":167}},"line":3},"2":{"name":"(anonymous_2)","decl":{"start":{"line":3,"column":170},"end":{"line":3,"column":171}},"loc":{"start":{"line":3,"column":183},"end":{"line":3,"column":303}},"line":3},"3":{"name":"_interopRequireDefault","decl":{"start":{"line":10,"column":9},"end":{"line":10,"column":31}},"loc":{"start":{"line":10,"column":35},"end":{"line":10,"column":87}},"line":10},"4":{"name":"_getRequireWildcardCache","decl":{"start":{"line":11,"column":9},"end":{"line":11,"column":33}},"loc":{"start":{"line":11,"column":37},"end":{"line":11,"column":228}},"line":11},"5":{"name":"_getRequireWildcardCache","decl":{"start":{"line":11,"column":172},"end":{"line":11,"column":196}},"loc":{"start":{"line":11,"column":200},"end":{"line":11,"column":221}},"line":11},"6":{"name":"_interopRequireWildcard","decl":{"start":{"line":12,"column":9},"end":{"line":12,"column":32}},"loc":{"start":{"line":12,"column":39},"end":{"line":12,"column":586}},"line":12},"7":{"name":"_slicedToArray","decl":{"start":{"line":13,"column":9},"end":{"line":13,"column":23}},"loc":{"start":{"line":13,"column":30},"end":{"line":13,"column":150}},"line":13},"8":{"name":"_nonIterableRest","decl":{"start":{"line":14,"column":9},"end":{"line":14,"column":25}},"loc":{"start":{"line":14,"column":28},"end":{"line":14,"column":193}},"line":14},"9":{"name":"_unsupportedIterableToArray","decl":{"start":{"line":15,"column":9},"end":{"line":15,"column":36}},"loc":{"start":{"line":15,"column":43},"end":{"line":15,"column":378}},"line":15},"10":{"name":"_arrayLikeToArray","decl":{"start":{"line":16,"column":9},"end":{"line":16,"column":26}},"loc":{"start":{"line":16,"column":33},"end":{"line":16,"column":148}},"line":16},"11":{"name":"_iterableToArrayLimit","decl":{"start":{"line":17,"column":9},"end":{"line":17,"column":30}},"loc":{"start":{"line":17,"column":37},"end":{"line":17,"column":538}},"line":17},"12":{"name":"_arrayWithHoles","decl":{"start":{"line":18,"column":9},"end":{"line":18,"column":24}},"loc":{"start":{"line":18,"column":28},"end":{"line":18,"column":63}},"line":18},"13":{"name":"StarRatingProvider","decl":{"start":{"line":20,"column":63},"end":{"line":20,"column":81}},"loc":{"start":{"line":20,"column":88},"end":{"line":51,"column":1}},"line":20},"14":{"name":"handleKeyDown","decl":{"start":{"line":32,"column":31},"end":{"line":32,"column":44}},"loc":{"start":{"line":32,"column":58},"end":{"line":40,"column":3}},"line":32}},"branchMap":{"0":{"loc":{"start":{"line":3,"column":66},"end":{"line":3,"column":303}},"type":"cond-expr","locations":[{"start":{"line":3,"column":134},"end":{"line":3,"column":167}},{"start":{"line":3,"column":170},"end":{"line":3,"column":303}}],"line":3},"1":{"loc":{"start":{"line":3,"column":66},"end":{"line":3,"column":131}},"type":"binary-expr","locations":[{"start":{"line":3,"column":66},"end":{"line":3,"column":93}},{"start":{"line":3,"column":97},"end":{"line":3,"column":131}}],"line":3},"2":{"loc":{"start":{"line":3,"column":192},"end":{"line":3,"column":300}},"type":"cond-expr","locations":[{"start":{"line":3,"column":281},"end":{"line":3,"column":289}},{"start":{"line":3,"column":292},"end":{"line":3,"column":300}}],"line":3},"3":{"loc":{"start":{"line":3,"column":192},"end":{"line":3,"column":278}},"type":"binary-expr","locations":[{"start":{"line":3,"column":192},"end":{"line":3,"column":193}},{"start":{"line":3,"column":197},"end":{"line":3,"column":224}},{"start":{"line":3,"column":228},"end":{"line":3,"column":252}},{"start":{"line":3,"column":256},"end":{"line":3,"column":278}}],"line":3},"4":{"loc":{"start":{"line":10,"column":44},"end":{"line":10,"column":84}},"type":"cond-expr","locations":[{"start":{"line":10,"column":64},"end":{"line":10,"column":65}},{"start":{"line":10,"column":68},"end":{"line":10,"column":84}}],"line":10},"5":{"loc":{"start":{"line":10,"column":44},"end":{"line":10,"column":61}},"type":"binary-expr","locations":[{"start":{"line":10,"column":44},"end":{"line":10,"column":45}},{"start":{"line":10,"column":49},"end":{"line":10,"column":61}}],"line":10},"6":{"loc":{"start":{"line":11,"column":39},"end":{"line":11,"column":85}},"type":"if","locations":[{"start":{"line":11,"column":39},"end":{"line":11,"column":85}},{"start":{},"end":{}}],"line":11},"7":{"loc":{"start":{"line":11,"column":209},"end":{"line":11,"column":218}},"type":"cond-expr","locations":[{"start":{"line":11,"column":213},"end":{"line":11,"column":214}},{"start":{"line":11,"column":217},"end":{"line":11,"column":218}}],"line":11},"8":{"loc":{"start":{"line":12,"column":41},"end":{"line":12,"column":79}},"type":"if","locations":[{"start":{"line":12,"column":41},"end":{"line":12,"column":79}},{"start":{},"end":{}}],"line":12},"9":{"loc":{"start":{"line":12,"column":45},"end":{"line":12,"column":68}},"type":"binary-expr","locations":[{"start":{"line":12,"column":45},"end":{"line":12,"column":47}},{"start":{"line":12,"column":51},"end":{"line":12,"column":52}},{"start":{"line":12,"column":56},"end":{"line":12,"column":68}}],"line":12},"10":{"loc":{"start":{"line":12,"column":80},"end":{"line":12,"column":172}},"type":"if","locations":[{"start":{"line":12,"column":80},"end":{"line":12,"column":172}},{"start":{},"end":{}}],"line":12},"11":{"loc":{"start":{"line":12,"column":84},"end":{"line":12,"column":146}},"type":"binary-expr","locations":[{"start":{"line":12,"column":84},"end":{"line":12,"column":94}},{"start":{"line":12,"column":98},"end":{"line":12,"column":120}},{"start":{"line":12,"column":124},"end":{"line":12,"column":146}}],"line":12},"12":{"loc":{"start":{"line":12,"column":210},"end":{"line":12,"column":245}},"type":"if","locations":[{"start":{"line":12,"column":210},"end":{"line":12,"column":245}},{"start":{},"end":{}}],"line":12},"13":{"loc":{"start":{"line":12,"column":214},"end":{"line":12,"column":227}},"type":"binary-expr","locations":[{"start":{"line":12,"column":214},"end":{"line":12,"column":215}},{"start":{"line":12,"column":219},"end":{"line":12,"column":227}}],"line":12},"14":{"loc":{"start":{"line":12,"column":279},"end":{"line":12,"column":335}},"type":"binary-expr","locations":[{"start":{"line":12,"column":279},"end":{"line":12,"column":300}},{"start":{"line":12,"column":304},"end":{"line":12,"column":335}}],"line":12},"15":{"loc":{"start":{"line":12,"column":354},"end":{"line":12,"column":538}},"type":"if","locations":[{"start":{"line":12,"column":354},"end":{"line":12,"column":538}},{"start":{},"end":{}}],"line":12},"16":{"loc":{"start":{"line":12,"column":358},"end":{"line":12,"column":405}},"type":"binary-expr","locations":[{"start":{"line":12,"column":358},"end":{"line":12,"column":373}},{"start":{"line":12,"column":377},"end":{"line":12,"column":405}}],"line":12},"17":{"loc":{"start":{"line":12,"column":417},"end":{"line":12,"column":465}},"type":"cond-expr","locations":[{"start":{"line":12,"column":421},"end":{"line":12,"column":458}},{"start":{"line":12,"column":461},"end":{"line":12,"column":465}}],"line":12},"18":{"loc":{"start":{"line":12,"column":467},"end":{"line":12,"column":535}},"type":"cond-expr","locations":[{"start":{"line":12,"column":491},"end":{"line":12,"column":521}},{"start":{"line":12,"column":524},"end":{"line":12,"column":535}}],"line":12},"19":{"loc":{"start":{"line":12,"column":467},"end":{"line":12,"column":488}},"type":"binary-expr","locations":[{"start":{"line":12,"column":467},"end":{"line":12,"column":468}},{"start":{"line":12,"column":473},"end":{"line":12,"column":478}},{"start":{"line":12,"column":482},"end":{"line":12,"column":487}}],"line":12},"20":{"loc":{"start":{"line":12,"column":564},"end":{"line":12,"column":580}},"type":"binary-expr","locations":[{"start":{"line":12,"column":564},"end":{"line":12,"column":565}},{"start":{"line":12,"column":569},"end":{"line":12,"column":580}}],"line":12},"21":{"loc":{"start":{"line":13,"column":39},"end":{"line":13,"column":147}},"type":"binary-expr","locations":[{"start":{"line":13,"column":39},"end":{"line":13,"column":57}},{"start":{"line":13,"column":61},"end":{"line":13,"column":88}},{"start":{"line":13,"column":92},"end":{"line":13,"column":125}},{"start":{"line":13,"column":129},"end":{"line":13,"column":147}}],"line":13},"22":{"loc":{"start":{"line":15,"column":45},"end":{"line":15,"column":376}},"type":"if","locations":[{"start":{"line":15,"column":45},"end":{"line":15,"column":376}},{"start":{},"end":{}}],"line":15},"23":{"loc":{"start":{"line":15,"column":54},"end":{"line":15,"column":111}},"type":"if","locations":[{"start":{"line":15,"column":54},"end":{"line":15,"column":111}},{"start":{},"end":{}}],"line":15},"24":{"loc":{"start":{"line":15,"column":161},"end":{"line":15,"column":220}},"type":"binary-expr","locations":[{"start":{"line":15,"column":161},"end":{"line":15,"column":175}},{"start":{"line":15,"column":179},"end":{"line":15,"column":192}},{"start":{"line":15,"column":197},"end":{"line":15,"column":219}}],"line":15},"25":{"loc":{"start":{"line":15,"column":222},"end":{"line":15,"column":373}},"type":"cond-expr","locations":[{"start":{"line":15,"column":251},"end":{"line":15,"column":264}},{"start":{"line":15,"column":267},"end":{"line":15,"column":373}}],"line":15},"26":{"loc":{"start":{"line":15,"column":222},"end":{"line":15,"column":248}},"type":"binary-expr","locations":[{"start":{"line":15,"column":222},"end":{"line":15,"column":233}},{"start":{"line":15,"column":237},"end":{"line":15,"column":248}}],"line":15},"27":{"loc":{"start":{"line":15,"column":267},"end":{"line":15,"column":373}},"type":"cond-expr","locations":[{"start":{"line":15,"column":341},"end":{"line":15,"column":364}},{"start":{"line":15,"column":367},"end":{"line":15,"column":373}}],"line":15},"28":{"loc":{"start":{"line":15,"column":267},"end":{"line":15,"column":338}},"type":"binary-expr","locations":[{"start":{"line":15,"column":267},"end":{"line":15,"column":284}},{"start":{"line":15,"column":288},"end":{"line":15,"column":338}}],"line":15},"29":{"loc":{"start":{"line":16,"column":35},"end":{"line":16,"column":80}},"type":"binary-expr","locations":[{"start":{"line":16,"column":36},"end":{"line":16,"column":45}},{"start":{"line":16,"column":49},"end":{"line":16,"column":61}},{"start":{"line":16,"column":67},"end":{"line":16,"column":79}}],"line":16},"30":{"loc":{"start":{"line":17,"column":47},"end":{"line":17,"column":135}},"type":"cond-expr","locations":[{"start":{"line":17,"column":59},"end":{"line":17,"column":63}},{"start":{"line":17,"column":66},"end":{"line":17,"column":135}}],"line":17},"31":{"loc":{"start":{"line":17,"column":66},"end":{"line":17,"column":135}},"type":"binary-expr","locations":[{"start":{"line":17,"column":66},"end":{"line":17,"column":94}},{"start":{"line":17,"column":98},"end":{"line":17,"column":116}},{"start":{"line":17,"column":120},"end":{"line":17,"column":135}}],"line":17},"32":{"loc":{"start":{"line":17,"column":137},"end":{"line":17,"column":536}},"type":"if","locations":[{"start":{"line":17,"column":137},"end":{"line":17,"column":536}},{"start":{},"end":{}}],"line":17},"33":{"loc":{"start":{"line":17,"column":200},"end":{"line":17,"column":366}},"type":"if","locations":[{"start":{"line":17,"column":200},"end":{"line":17,"column":366}},{"start":{"line":17,"column":285},"end":{"line":17,"column":366}}],"line":17},"34":{"loc":{"start":{"line":17,"column":241},"end":{"line":17,"column":269}},"type":"if","locations":[{"start":{"line":17,"column":241},"end":{"line":17,"column":269}},{"start":{},"end":{}}],"line":17},"35":{"loc":{"start":{"line":17,"column":292},"end":{"line":17,"column":356}},"type":"binary-expr","locations":[{"start":{"line":17,"column":292},"end":{"line":17,"column":319}},{"start":{"line":17,"column":324},"end":{"line":17,"column":355}}],"line":17},"36":{"loc":{"start":{"line":17,"column":414},"end":{"line":17,"column":492}},"type":"if","locations":[{"start":{"line":17,"column":414},"end":{"line":17,"column":492}},{"start":{},"end":{}}],"line":17},"37":{"loc":{"start":{"line":17,"column":418},"end":{"line":17,"column":483}},"type":"binary-expr","locations":[{"start":{"line":17,"column":418},"end":{"line":17,"column":420}},{"start":{"line":17,"column":424},"end":{"line":17,"column":443}},{"start":{"line":17,"column":448},"end":{"line":17,"column":482}}],"line":17},"38":{"loc":{"start":{"line":17,"column":505},"end":{"line":17,"column":520}},"type":"if","locations":[{"start":{"line":17,"column":505},"end":{"line":17,"column":520}},{"start":{},"end":{}}],"line":17},"39":{"loc":{"start":{"line":18,"column":30},"end":{"line":18,"column":61}},"type":"if","locations":[{"start":{"line":18,"column":30},"end":{"line":18,"column":61}},{"start":{},"end":{}}],"line":18},"40":{"loc":{"start":{"line":22,"column":17},"end":{"line":22,"column":65}},"type":"cond-expr","locations":[{"start":{"line":22,"column":46},"end":{"line":22,"column":47}},{"start":{"line":22,"column":50},"end":{"line":22,"column":65}}],"line":22},"41":{"loc":{"start":{"line":33,"column":4},"end":{"line":39,"column":5}},"type":"if","locations":[{"start":{"line":33,"column":4},"end":{"line":39,"column":5}},{"start":{"line":35,"column":11},"end":{"line":39,"column":5}}],"line":33},"42":{"loc":{"start":{"line":35,"column":11},"end":{"line":39,"column":5}},"type":"if","locations":[{"start":{"line":35,"column":11},"end":{"line":39,"column":5}},{"start":{"line":37,"column":11},"end":{"line":39,"column":5}}],"line":35},"43":{"loc":{"start":{"line":35,"column":15},"end":{"line":35,"column":62}},"type":"binary-expr","locations":[{"start":{"line":35,"column":15},"end":{"line":35,"column":41}},{"start":{"line":35,"column":45},"end":{"line":35,"column":62}}],"line":35},"44":{"loc":{"start":{"line":37,"column":11},"end":{"line":39,"column":5}},"type":"if","locations":[{"start":{"line":37,"column":11},"end":{"line":39,"column":5}},{"start":{},"end":{}}],"line":37},"45":{"loc":{"start":{"line":37,"column":15},"end":{"line":37,"column":52}},"type":"binary-expr","locations":[{"start":{"line":37,"column":15},"end":{"line":37,"column":40}},{"start":{"line":37,"column":44},"end":{"line":37,"column":52}}],"line":37}},"s":{"0":2,"1":2,"2":0,"3":2,"4":2,"5":2,"6":2,"7":2,"8":2,"9":0,"10":2,"11":2,"12":2,"13":2,"14":2,"15":0,"16":2,"17":0,"18":2,"19":2,"20":0,"21":2,"22":2,"23":2,"24":72,"25":72,"26":72,"27":2,"28":10,"29":0,"30":0,"31":0,"32":0,"33":0,"34":0,"35":0,"36":0,"37":0,"38":0,"39":0,"40":0,"41":0,"42":0,"43":0,"44":0,"45":0,"46":0,"47":0,"48":0,"49":0,"50":0,"51":0,"52":0,"53":0,"54":0,"55":0,"56":0,"57":0,"58":0,"59":10,"60":10,"61":2,"62":2,"63":5,"64":5,"65":5,"66":5,"67":5,"68":5,"69":5,"70":5,"71":5,"72":5,"73":5,"74":5,"75":0,"76":0,"77":0,"78":0,"79":0,"80":0,"81":5,"82":2},"f":{"0":2,"1":2,"2":0,"3":2,"4":2,"5":2,"6":2,"7":10,"8":0,"9":0,"10":0,"11":0,"12":10,"13":5,"14":0},"b":{"0":[2,0],"1":[2,2],"2":[0,0],"3":[0,0,0,0],"4":[0,2],"5":[2,2],"6":[0,2],"7":[0,2],"8":[0,2],"9":[2,2,2],"10":[0,2],"11":[2,2,0],"12":[0,2],"13":[2,2],"14":[2,2],"15":[72,0],"16":[72,72],"17":[72,0],"18":[0,72],"19":[72,72,72],"20":[2,2],"21":[10,0,0,0],"22":[0,0],"23":[0,0],"24":[0,0,0],"25":[0,0],"26":[0,0],"27":[0,0],"28":[0,0],"29":[0,0,0],"30":[0,0],"31":[0,0,0],"32":[0,0],"33":[0,0],"34":[0,0],"35":[0,0],"36":[0,0],"37":[0,0,0],"38":[0,0],"39":[10,0],"40":[2,3],"41":[0,0],"42":[0,0],"43":[0,0],"44":[0,0],"45":[0,0]},"_coverageSchema":"1a1c01bbd47fc00a2c39e90264f33305004495a9","hash":"b154da6babbbd52370934ccc7a26a7459fbebc8b"}
,"F:\\Learning\\React-Projects\\starify\\dist\\hooks\\useStarRating.js": {"path":"F:\\Learning\\React-Projects\\starify\\dist\\hooks\\useStarRating.js","statementMap":{"0":{"start":{"line":3,"column":0},"end":{"line":5,"column":3}},"1":{"start":{"line":6,"column":0},"end":{"line":6,"column":31}},"2":{"start":{"line":7,"column":13},"end":{"line":7,"column":29}},"3":{"start":{"line":8,"column":25},"end":{"line":8,"column":64}},"4":{"start":{"line":9,"column":20},"end":{"line":15,"column":1}},"5":{"start":{"line":10,"column":16},"end":{"line":10,"column":76}},"6":{"start":{"line":11,"column":2},"end":{"line":13,"column":3}},"7":{"start":{"line":12,"column":4},"end":{"line":12,"column":78}},"8":{"start":{"line":14,"column":2},"end":{"line":14,"column":17}}},"fnMap":{"0":{"name":"useStarRating","decl":{"start":{"line":9,"column":53},"end":{"line":9,"column":66}},"loc":{"start":{"line":9,"column":69},"end":{"line":15,"column":1}},"line":9}},"branchMap":{"0":{"loc":{"start":{"line":11,"column":2},"end":{"line":13,"column":3}},"type":"if","locations":[{"start":{"line":11,"column":2},"end":{"line":13,"column":3}},{"start":{},"end":{}}],"line":11}},"s":{"0":2,"1":2,"2":2,"3":2,"4":2,"5":9,"6":9,"7":4,"8":5},"f":{"0":9},"b":{"0":[4,5]},"_coverageSchema":"1a1c01bbd47fc00a2c39e90264f33305004495a9","hash":"a796dd7cc74980832055e27c0eb02c816741aa8f"}
,"F:\\Learning\\React-Projects\\starify\\src\\components\\Star.jsx": {"path":"F:\\Learning\\React-Projects\\starify\\src\\components\\Star.jsx","statementMap":{"0":{"start":{"line":5,"column":13},"end":{"line":30,"column":2}},"1":{"start":{"line":6,"column":76},"end":{"line":6,"column":91}},"2":{"start":{"line":8,"column":19},"end":{"line":8,"column":44}},"3":{"start":{"line":10,"column":2},"end":{"line":29,"column":4}},"4":{"start":{"line":16,"column":21},"end":{"line":16,"column":36}},"5":{"start":{"line":17,"column":26},"end":{"line":17,"column":40}},"6":{"start":{"line":18,"column":26},"end":{"line":18,"column":37}},"7":{"start":{"line":19,"column":28},"end":{"line":19,"column":54}},"8":{"start":{"line":32,"column":0},"end":{"line":38,"column":2}}},"fnMap":{"0":{"name":"(anonymous_0)","decl":{"start":{"line":5,"column":18},"end":{"line":5,"column":19}},"loc":{"start":{"line":5,"column":98},"end":{"line":30,"column":1}},"line":5},"1":{"name":"(anonymous_1)","decl":{"start":{"line":16,"column":15},"end":{"line":16,"column":16}},"loc":{"start":{"line":16,"column":21},"end":{"line":16,"column":36}},"line":16},"2":{"name":"(anonymous_2)","decl":{"start":{"line":17,"column":20},"end":{"line":17,"column":21}},"loc":{"start":{"line":17,"column":26},"end":{"line":17,"column":40}},"line":17},"3":{"name":"(anonymous_3)","decl":{"start":{"line":18,"column":20},"end":{"line":18,"column":21}},"loc":{"start":{"line":18,"column":26},"end":{"line":18,"column":37}},"line":18},"4":{"name":"(anonymous_4)","decl":{"start":{"line":19,"column":17},"end":{"line":19,"column":18}},"loc":{"start":{"line":19,"column":28},"end":{"line":19,"column":54}},"line":19}},"branchMap":{"0":{"loc":{"start":{"line":5,"column":33},"end":{"line":5,"column":53}},"type":"default-arg","locations":[{"start":{"line":5,"column":47},"end":{"line":5,"column":53}}],"line":5},"1":{"loc":{"start":{"line":5,"column":55},"end":{"line":5,"column":77}},"type":"default-arg","locations":[{"start":{"line":5,"column":71},"end":{"line":5,"column":77}}],"line":5},"2":{"loc":{"start":{"line":5,"column":79},"end":{"line":5,"column":91}},"type":"default-arg","locations":[{"start":{"line":5,"column":88},"end":{"line":5,"column":91}}],"line":5},"3":{"loc":{"start":{"line":8,"column":28},"end":{"line":8,"column":43}},"type":"binary-expr","locations":[{"start":{"line":8,"column":28},"end":{"line":8,"column":33}},{"start":{"line":8,"column":37},"end":{"line":8,"column":43}}],"line":8},"4":{"loc":{"start":{"line":23,"column":15},"end":{"line":23,"column":53}},"type":"cond-expr","locations":[{"start":{"line":23,"column":26},"end":{"line":23,"column":37}},{"start":{"line":23,"column":40},"end":{"line":23,"column":53}}],"line":23}},"s":{"0":1,"1":3,"2":3,"3":3,"4":0,"5":1,"6":0,"7":0,"8":1},"f":{"0":3,"1":0,"2":1,"3":0,"4":0},"b":{"0":[3],"1":[3],"2":[3],"3":[3,2],"4":[1,2]},"_coverageSchema":"1a1c01bbd47fc00a2c39e90264f33305004495a9","hash":"9a2733a8ee522df748488e435fda2986060205a3"}
,"F:\\Learning\\React-Projects\\starify\\src\\context\\StarRatingContext.jsx": {"path":"F:\\Learning\\React-Projects\\starify\\src\\context\\StarRatingContext.jsx","statementMap":{"0":{"start":{"line":4,"column":26},"end":{"line":4,"column":41}},"1":{"start":{"line":6,"column":34},"end":{"line":25,"column":1}},"2":{"start":{"line":7,"column":30},"end":{"line":7,"column":41}},"3":{"start":{"line":8,"column":28},"end":{"line":8,"column":39}},"4":{"start":{"line":10,"column":24},"end":{"line":18,"column":3}},"5":{"start":{"line":11,"column":4},"end":{"line":17,"column":5}},"6":{"start":{"line":12,"column":6},"end":{"line":12,"column":22}},"7":{"start":{"line":13,"column":11},"end":{"line":17,"column":5}},"8":{"start":{"line":14,"column":6},"end":{"line":14,"column":25}},"9":{"start":{"line":15,"column":11},"end":{"line":17,"column":5}},"10":{"start":{"line":16,"column":6},"end":{"line":16,"column":25}},"11":{"start":{"line":20,"column":2},"end":{"line":24,"column":4}},"12":{"start":{"line":27,"column":0},"end":{"line":30,"column":2}}},"fnMap":{"0":{"name":"(anonymous_0)","decl":{"start":{"line":6,"column":34},"end":{"line":6,"column":35}},"loc":{"start":{"line":6,"column":68},"end":{"line":25,"column":1}},"line":6},"1":{"name":"(anonymous_1)","decl":{"start":{"line":10,"column":24},"end":{"line":10,"column":25}},"loc":{"start":{"line":10,"column":41},"end":{"line":18,"column":3}},"line":10}},"branchMap":{"0":{"loc":{"start":{"line":6,"column":37},"end":{"line":6,"column":51}},"type":"default-arg","locations":[{"start":{"line":6,"column":50},"end":{"line":6,"column":51}}],"line":6},"1":{"loc":{"start":{"line":11,"column":4},"end":{"line":17,"column":5}},"type":"if","locations":[{"start":{"line":11,"column":4},"end":{"line":17,"column":5}},{"start":{"line":13,"column":11},"end":{"line":17,"column":5}}],"line":11},"2":{"loc":{"start":{"line":13,"column":11},"end":{"line":17,"column":5}},"type":"if","locations":[{"start":{"line":13,"column":11},"end":{"line":17,"column":5}},{"start":{"line":15,"column":11},"end":{"line":17,"column":5}}],"line":13},"3":{"loc":{"start":{"line":13,"column":15},"end":{"line":13,"column":62}},"type":"binary-expr","locations":[{"start":{"line":13,"column":15},"end":{"line":13,"column":41}},{"start":{"line":13,"column":45},"end":{"line":13,"column":62}}],"line":13},"4":{"loc":{"start":{"line":15,"column":11},"end":{"line":17,"column":5}},"type":"if","locations":[{"start":{"line":15,"column":11},"end":{"line":17,"column":5}},{"start":{},"end":{}}],"line":15},"5":{"loc":{"start":{"line":15,"column":15},"end":{"line":15,"column":52}},"type":"binary-expr","locations":[{"start":{"line":15,"column":15},"end":{"line":15,"column":40}},{"start":{"line":15,"column":44},"end":{"line":15,"column":52}}],"line":15}},"s":{"0":2,"1":2,"2":5,"3":5,"4":5,"5":0,"6":0,"7":0,"8":0,"9":0,"10":0,"11":5,"12":2},"f":{"0":5,"1":0},"b":{"0":[2],"1":[0,0],"2":[0,0],"3":[0,0],"4":[0,0],"5":[0,0]},"_coverageSchema":"1a1c01bbd47fc00a2c39e90264f33305004495a9","hash":"19181b2413298fc8bf3613b5a9dd5bb764b411d7"}
,"F:\\Learning\\React-Projects\\starify\\src\\hooks\\useStarRating.jsx": {"path":"F:\\Learning\\React-Projects\\starify\\src\\hooks\\useStarRating.jsx","statementMap":{"0":{"start":{"line":4,"column":29},"end":{"line":12,"column":1}},"1":{"start":{"line":5,"column":18},"end":{"line":5,"column":47}},"2":{"start":{"line":7,"column":2},"end":{"line":9,"column":3}},"3":{"start":{"line":8,"column":4},"end":{"line":8,"column":78}},"4":{"start":{"line":11,"column":2},"end":{"line":11,"column":17}}},"fnMap":{"0":{"name":"(anonymous_0)","decl":{"start":{"line":4,"column":29},"end":{"line":4,"column":30}},"loc":{"start":{"line":4,"column":35},"end":{"line":12,"column":1}},"line":4}},"branchMap":{"0":{"loc":{"start":{"line":7,"column":2},"end":{"line":9,"column":3}},"type":"if","locations":[{"start":{"line":7,"column":2},"end":{"line":9,"column":3}},{"start":{},"end":{}}],"line":7}},"s":{"0":2,"1":9,"2":9,"3":4,"4":5},"f":{"0":9},"b":{"0":[4,5]},"_coverageSchema":"1a1c01bbd47fc00a2c39e90264f33305004495a9","hash":"b07427b78b76e759916fdda281ed97cb970d392a"}
}
