TN:
SF:src\components\Star.jsx
FN:5,(anonymous_0)
FN:16,(anonymous_1)
FN:17,(anonymous_2)
FN:18,(anonymous_3)
FN:19,(anonymous_4)
FNF:5
FNH:2
FNDA:3,(anonymous_0)
FNDA:0,(anonymous_1)
FNDA:1,(anonymous_2)
FNDA:0,(anonymous_3)
FNDA:0,(anonymous_4)
DA:5,1
DA:6,3
DA:8,3
DA:10,3
DA:16,0
DA:17,1
DA:18,0
DA:19,0
DA:32,1
LF:9
LH:6
BRDA:5,0,0,3
BRDA:5,1,0,3
BRDA:5,2,0,3
BRDA:8,3,0,3
BRDA:8,3,1,2
BRDA:23,4,0,1
BRDA:23,4,1,2
BRF:7
BRH:7
end_of_record
TN:
SF:src\context\StarRatingContext.jsx
FN:6,(anonymous_0)
FN:10,(anonymous_1)
FNF:2
FNH:1
FNDA:3,(anonymous_0)
FNDA:0,(anonymous_1)
DA:4,1
DA:6,1
DA:7,3
DA:8,3
DA:10,3
DA:11,0
DA:12,0
DA:13,0
DA:14,0
DA:15,0
DA:16,0
DA:20,3
DA:27,1
LF:13
LH:7
BRDA:6,0,0,0
BRDA:11,1,0,0
BRDA:11,1,1,0
BRDA:13,2,0,0
BRDA:13,2,1,0
BRDA:13,3,0,0
BRDA:13,3,1,0
BRDA:15,4,0,0
BRDA:15,4,1,0
BRDA:15,5,0,0
BRDA:15,5,1,0
BRF:11
BRH:0
end_of_record
TN:
SF:src\hooks\useStarRating.jsx
FN:4,(anonymous_0)
FNF:1
FNH:1
FNDA:3,(anonymous_0)
DA:4,1
DA:5,3
DA:7,3
DA:8,0
DA:11,3
LF:5
LH:4
BRDA:7,0,0,0
BRDA:7,0,1,3
BRF:2
BRH:1
end_of_record
