TN:
SF:dist\components\Star.js
FN:3,_typeof
FN:3,(anonymous_1)
FN:3,(anonymous_2)
FN:11,_interopRequireDefault
FN:12,_getRequireWildcardCache
FN:12,_getRequireWildcardCache
FN:13,_interopRequireWildcard
FN:14,(anonymous_7)
FN:36,onClick
FN:39,onMouseEnter
FN:42,onMouseLeave
FN:45,onKeyDown
FNF:12
FNH:8
FNDA:1,_typeof
FNDA:1,(anonymous_1)
FNDA:0,(anonymous_2)
FNDA:1,_interopRequireDefault
FNDA:1,_getRequireWildcardCache
FNDA:1,_getRequireWildcardCache
FNDA:1,_interopRequireWildcard
FNDA:3,(anonymous_7)
FNDA:0,onClick
FNDA:1,onMouseEnter
FNDA:0,onMouseLeave
FNDA:0,onKeyDown
DA:3,1
DA:4,1
DA:7,1
DA:8,1
DA:9,1
DA:10,1
DA:11,1
DA:12,1
DA:13,36
DA:14,1
DA:15,3
DA:16,3
DA:17,3
DA:18,3
DA:19,3
DA:20,3
DA:21,3
DA:22,3
DA:23,3
DA:24,3
DA:25,3
DA:26,3
DA:27,3
DA:28,3
DA:29,3
DA:30,3
DA:31,3
DA:37,0
DA:40,1
DA:43,0
DA:46,0
DA:56,1
DA:63,1
LF:33
LH:30
BRDA:3,0,0,1
BRDA:3,0,1,0
BRDA:3,1,0,1
BRDA:3,1,1,1
BRDA:3,2,0,0
BRDA:3,2,1,0
BRDA:3,3,0,0
BRDA:3,3,1,0
BRDA:3,3,2,0
BRDA:3,3,3,0
BRDA:11,4,0,0
BRDA:11,4,1,1
BRDA:11,5,0,1
BRDA:11,5,1,1
BRDA:12,6,0,0
BRDA:12,6,1,1
BRDA:12,7,0,0
BRDA:12,7,1,1
BRDA:13,8,0,0
BRDA:13,8,1,1
BRDA:13,9,0,1
BRDA:13,9,1,1
BRDA:13,9,2,1
BRDA:13,10,0,0
BRDA:13,10,1,1
BRDA:13,11,0,1
BRDA:13,11,1,1
BRDA:13,11,2,0
BRDA:13,12,0,0
BRDA:13,12,1,1
BRDA:13,13,0,1
BRDA:13,13,1,1
BRDA:13,14,0,1
BRDA:13,14,1,1
BRDA:13,15,0,36
BRDA:13,15,1,0
BRDA:13,16,0,36
BRDA:13,16,1,36
BRDA:13,17,0,36
BRDA:13,17,1,0
BRDA:13,18,0,0
BRDA:13,18,1,36
BRDA:13,19,0,36
BRDA:13,19,1,36
BRDA:13,19,2,36
BRDA:13,20,0,1
BRDA:13,20,1,1
BRDA:18,21,0,3
BRDA:18,21,1,0
BRDA:20,22,0,3
BRDA:20,22,1,0
BRDA:22,23,0,3
BRDA:22,23,1,0
BRDA:30,24,0,3
BRDA:30,24,1,2
BRDA:51,25,0,1
BRDA:51,25,1,2
BRF:57
BRH:37
end_of_record
TN:
SF:dist\context\StarRatingContext.js
FN:3,_typeof
FN:3,(anonymous_1)
FN:3,(anonymous_2)
FN:10,_interopRequireDefault
FN:11,_getRequireWildcardCache
FN:11,_getRequireWildcardCache
FN:12,_interopRequireWildcard
FN:13,_slicedToArray
FN:14,_nonIterableRest
FN:15,_unsupportedIterableToArray
FN:16,_arrayLikeToArray
FN:17,_iterableToArrayLimit
FN:18,_arrayWithHoles
FN:20,StarRatingProvider
FN:32,handleKeyDown
FNF:15
FNH:9
FNDA:2,_typeof
FNDA:2,(anonymous_1)
FNDA:0,(anonymous_2)
FNDA:2,_interopRequireDefault
FNDA:2,_getRequireWildcardCache
FNDA:2,_getRequireWildcardCache
FNDA:2,_interopRequireWildcard
FNDA:10,_slicedToArray
FNDA:0,_nonIterableRest
FNDA:0,_unsupportedIterableToArray
FNDA:0,_arrayLikeToArray
FNDA:0,_iterableToArrayLimit
FNDA:10,_arrayWithHoles
FNDA:5,StarRatingProvider
FNDA:0,handleKeyDown
DA:3,2
DA:4,2
DA:7,2
DA:8,2
DA:9,2
DA:10,2
DA:11,2
DA:12,72
DA:13,10
DA:14,0
DA:15,0
DA:16,0
DA:17,0
DA:18,10
DA:19,2
DA:20,2
DA:21,5
DA:22,5
DA:23,5
DA:24,5
DA:25,5
DA:26,5
DA:27,5
DA:28,5
DA:29,5
DA:30,5
DA:31,5
DA:32,5
DA:33,0
DA:34,0
DA:35,0
DA:36,0
DA:37,0
DA:38,0
DA:41,5
DA:52,2
LF:36
LH:26
BRDA:3,0,0,2
BRDA:3,0,1,0
BRDA:3,1,0,2
BRDA:3,1,1,2
BRDA:3,2,0,0
BRDA:3,2,1,0
BRDA:3,3,0,0
BRDA:3,3,1,0
BRDA:3,3,2,0
BRDA:3,3,3,0
BRDA:10,4,0,0
BRDA:10,4,1,2
BRDA:10,5,0,2
BRDA:10,5,1,2
BRDA:11,6,0,0
BRDA:11,6,1,2
BRDA:11,7,0,0
BRDA:11,7,1,2
BRDA:12,8,0,0
BRDA:12,8,1,2
BRDA:12,9,0,2
BRDA:12,9,1,2
BRDA:12,9,2,2
BRDA:12,10,0,0
BRDA:12,10,1,2
BRDA:12,11,0,2
BRDA:12,11,1,2
BRDA:12,11,2,0
BRDA:12,12,0,0
BRDA:12,12,1,2
BRDA:12,13,0,2
BRDA:12,13,1,2
BRDA:12,14,0,2
BRDA:12,14,1,2
BRDA:12,15,0,72
BRDA:12,15,1,0
BRDA:12,16,0,72
BRDA:12,16,1,72
BRDA:12,17,0,72
BRDA:12,17,1,0
BRDA:12,18,0,0
BRDA:12,18,1,72
BRDA:12,19,0,72
BRDA:12,19,1,72
BRDA:12,19,2,72
BRDA:12,20,0,2
BRDA:12,20,1,2
BRDA:13,21,0,10
BRDA:13,21,1,0
BRDA:13,21,2,0
BRDA:13,21,3,0
BRDA:15,22,0,0
BRDA:15,22,1,0
BRDA:15,23,0,0
BRDA:15,23,1,0
BRDA:15,24,0,0
BRDA:15,24,1,0
BRDA:15,24,2,0
BRDA:15,25,0,0
BRDA:15,25,1,0
BRDA:15,26,0,0
BRDA:15,26,1,0
BRDA:15,27,0,0
BRDA:15,27,1,0
BRDA:15,28,0,0
BRDA:15,28,1,0
BRDA:16,29,0,0
BRDA:16,29,1,0
BRDA:16,29,2,0
BRDA:17,30,0,0
BRDA:17,30,1,0
BRDA:17,31,0,0
BRDA:17,31,1,0
BRDA:17,31,2,0
BRDA:17,32,0,0
BRDA:17,32,1,0
BRDA:17,33,0,0
BRDA:17,33,1,0
BRDA:17,34,0,0
BRDA:17,34,1,0
BRDA:17,35,0,0
BRDA:17,35,1,0
BRDA:17,36,0,0
BRDA:17,36,1,0
BRDA:17,37,0,0
BRDA:17,37,1,0
BRDA:17,37,2,0
BRDA:17,38,0,0
BRDA:17,38,1,0
BRDA:18,39,0,10
BRDA:18,39,1,0
BRDA:22,40,0,2
BRDA:22,40,1,3
BRDA:33,41,0,0
BRDA:33,41,1,0
BRDA:35,42,0,0
BRDA:35,42,1,0
BRDA:35,43,0,0
BRDA:35,43,1,0
BRDA:37,44,0,0
BRDA:37,44,1,0
BRDA:37,45,0,0
BRDA:37,45,1,0
BRF:103
BRH:34
end_of_record
TN:
SF:dist\hooks\useStarRating.js
FN:9,useStarRating
FNF:1
FNH:1
FNDA:9,useStarRating
DA:3,2
DA:6,2
DA:7,2
DA:8,2
DA:9,2
DA:10,9
DA:11,9
DA:12,4
DA:14,5
LF:9
LH:9
BRDA:11,0,0,4
BRDA:11,0,1,5
BRF:2
BRH:2
end_of_record
TN:
SF:src\components\Star.jsx
FN:5,(anonymous_0)
FN:16,(anonymous_1)
FN:17,(anonymous_2)
FN:18,(anonymous_3)
FN:19,(anonymous_4)
FNF:5
FNH:2
FNDA:3,(anonymous_0)
FNDA:0,(anonymous_1)
FNDA:1,(anonymous_2)
FNDA:0,(anonymous_3)
FNDA:0,(anonymous_4)
DA:5,1
DA:6,3
DA:8,3
DA:10,3
DA:16,0
DA:17,1
DA:18,0
DA:19,0
DA:32,1
LF:9
LH:6
BRDA:5,0,0,3
BRDA:5,1,0,3
BRDA:5,2,0,3
BRDA:8,3,0,3
BRDA:8,3,1,2
BRDA:23,4,0,1
BRDA:23,4,1,2
BRF:7
BRH:7
end_of_record
TN:
SF:src\context\StarRatingContext.jsx
FN:6,(anonymous_0)
FN:10,(anonymous_1)
FNF:2
FNH:1
FNDA:5,(anonymous_0)
FNDA:0,(anonymous_1)
DA:4,2
DA:6,2
DA:7,5
DA:8,5
DA:10,5
DA:11,0
DA:12,0
DA:13,0
DA:14,0
DA:15,0
DA:16,0
DA:20,5
DA:27,2
LF:13
LH:7
BRDA:6,0,0,2
BRDA:11,1,0,0
BRDA:11,1,1,0
BRDA:13,2,0,0
BRDA:13,2,1,0
BRDA:13,3,0,0
BRDA:13,3,1,0
BRDA:15,4,0,0
BRDA:15,4,1,0
BRDA:15,5,0,0
BRDA:15,5,1,0
BRF:11
BRH:1
end_of_record
TN:
SF:src\hooks\useStarRating.jsx
FN:4,(anonymous_0)
FNF:1
FNH:1
FNDA:9,(anonymous_0)
DA:4,2
DA:5,9
DA:7,9
DA:8,4
DA:11,5
LF:5
LH:5
BRDA:7,0,0,4
BRDA:7,0,1,5
BRF:2
BRH:2
end_of_record
